# JRE version: OpenJDK Runtime Environment (11.0.13) (build 11.0.13+0-b1751.21-8125866)
# Java VM: OpenJDK 64-Bit Server VM (11.0.13+0-b1751.21-8125866, mixed mode, tiered, compressed oops, g1 gc, windows-amd64)
Heap:
 garbage-first heap   total 645120K, used 266240K [0x0000000080000000, 0x0000000100000000)
  region size 1024K, 4 young (4096K), 4 survivors (4096K)
 Metaspace       used 129491K, capacity 133248K, committed 133416K, reserved 1165312K
  class space    used 16355K, capacity 17786K, committed 17792K, reserved 1048576K
GC Heap History (20 events):
Event: 1022.523 GC heap after
{Heap after GC invocations=38 (full 0):
 garbage-first heap   total 262144K, used 157080K [0x0000000080000000, 0x0000000100000000)
  region size 1024K, 5 young (5120K), 5 survivors (5120K)
 Metaspace       used 127703K, capacity 131385K, committed 131496K, reserved 1163264K
  class space    used 16195K, capacity 17594K, committed 17664K, reserved 1048576K
}
Event: 1023.050 GC heap before
{Heap before GC invocations=38 (full 0):
 garbage-first heap   total 262144K, used 213400K [0x0000000080000000, 0x0000000100000000)
  region size 1024K, 62 young (63488K), 5 survivors (5120K)
 Metaspace       used 128963K, capacity 132714K, committed 132904K, reserved 1165312K
  class space    used 16343K, capacity 17782K, committed 17792K, reserved 1048576K
}
Event: 1023.055 GC heap after
{Heap after GC invocations=39 (full 0):
 garbage-first heap   total 262144K, used 158838K [0x0000000080000000, 0x0000000100000000)
  region size 1024K, 5 young (5120K), 5 survivors (5120K)
 Metaspace       used 128963K, capacity 132714K, committed 132904K, reserved 1165312K
  class space    used 16343K, capacity 17782K, committed 17792K, reserved 1048576K
}
Event: 1023.230 GC heap before
{Heap before GC invocations=40 (full 0):
 garbage-first heap   total 262144K, used 260214K [0x0000000080000000, 0x0000000100000000)
  region size 1024K, 43 young (44032K), 5 survivors (5120K)
 Metaspace       used 129028K, capacity 132780K, committed 132904K, reserved 1165312K
  class space    used 16343K, capacity 17782K, committed 17792K, reserved 1048576K
}
Event: 1023.240 GC heap after
{Heap after GC invocations=41 (full 0):
 garbage-first heap   total 285696K, used 211754K [0x0000000080000000, 0x0000000100000000)
  region size 1024K, 8 young (8192K), 8 survivors (8192K)
 Metaspace       used 129028K, capacity 132780K, committed 132904K, reserved 1165312K
  class space    used 16343K, capacity 17782K, committed 17792K, reserved 1048576K
}
Event: 1023.256 GC heap before
{Heap before GC invocations=41 (full 0):
 garbage-first heap   total 285696K, used 216874K [0x0000000080000000, 0x0000000100000000)
  region size 1024K, 13 young (13312K), 8 survivors (8192K)
 Metaspace       used 129028K, capacity 132780K, committed 132904K, reserved 1165312K
  class space    used 16343K, capacity 17782K, committed 17792K, reserved 1048576K
}
Event: 1023.262 GC heap after
{Heap after GC invocations=42 (full 0):
 garbage-first heap   total 285696K, used 187627K [0x0000000080000000, 0x0000000100000000)
  region size 1024K, 2 young (2048K), 2 survivors (2048K)
 Metaspace       used 129028K, capacity 132780K, committed 132904K, reserved 1165312K
  class space    used 16343K, capacity 17782K, committed 17792K, reserved 1048576K
}
Event: 1023.298 GC heap before
{Heap before GC invocations=42 (full 0):
 garbage-first heap   total 285696K, used 197867K [0x0000000080000000, 0x0000000100000000)
  region size 1024K, 13 young (13312K), 2 survivors (2048K)
 Metaspace       used 129032K, capacity 132781K, committed 132904K, reserved 1165312K
  class space    used 16343K, capacity 17782K, committed 17792K, reserved 1048576K
}
Event: 1023.307 GC heap after
{Heap after GC invocations=43 (full 0):
 garbage-first heap   total 285696K, used 188931K [0x0000000080000000, 0x0000000100000000)
  region size 1024K, 2 young (2048K), 2 survivors (2048K)
 Metaspace       used 129032K, capacity 132781K, committed 132904K, reserved 1165312K
  class space    used 16343K, capacity 17782K, committed 17792K, reserved 1048576K
}
Event: 1023.338 GC heap before
{Heap before GC invocations=43 (full 0):
 garbage-first heap   total 285696K, used 198147K [0x0000000080000000, 0x0000000100000000)
  region size 1024K, 12 young (12288K), 2 survivors (2048K)
 Metaspace       used 129033K, capacity 132781K, committed 132904K, reserved 1165312K
  class space    used 16343K, capacity 17782K, committed 17792K, reserved 1048576K
}
Event: 1023.343 GC heap after
{Heap after GC invocations=44 (full 0):
 garbage-first heap   total 285696K, used 192445K [0x0000000080000000, 0x0000000100000000)
  region size 1024K, 6 young (6144K), 6 survivors (6144K)
 Metaspace       used 129033K, capacity 132781K, committed 132904K, reserved 1165312K
  class space    used 16343K, capacity 17782K, committed 17792K, reserved 1048576K
}
Event: 1023.480 GC heap before
{Heap before GC invocations=44 (full 0):
 garbage-first heap   total 285696K, used 223165K [0x0000000080000000, 0x0000000100000000)
  region size 1024K, 35 young (35840K), 6 survivors (6144K)
 Metaspace       used 129018K, capacity 132757K, committed 132904K, reserved 1165312K
  class space    used 16341K, capacity 17778K, committed 17792K, reserved 1048576K
}
Event: 1023.494 GC heap after
{Heap after GC invocations=45 (full 0):
 garbage-first heap   total 343040K, used 205198K [0x0000000080000000, 0x0000000100000000)
  region size 1024K, 5 young (5120K), 5 survivors (5120K)
 Metaspace       used 129018K, capacity 132757K, committed 132904K, reserved 1165312K
  class space    used 16341K, capacity 17778K, committed 17792K, reserved 1048576K
}
Event: 1023.656 GC heap before
{Heap before GC invocations=46 (full 0):
 garbage-first heap   total 343040K, used 255374K [0x0000000080000000, 0x0000000100000000)
  region size 1024K, 51 young (52224K), 5 survivors (5120K)
 Metaspace       used 129434K, capacity 133181K, committed 133416K, reserved 1165312K
  class space    used 16355K, capacity 17786K, committed 17792K, reserved 1048576K
}
Event: 1023.676 GC heap after
{Heap after GC invocations=47 (full 0):
 garbage-first heap   total 343040K, used 231403K [0x0000000080000000, 0x0000000100000000)
  region size 1024K, 7 young (7168K), 7 survivors (7168K)
 Metaspace       used 129434K, capacity 133181K, committed 133416K, reserved 1165312K
  class space    used 16355K, capacity 17786K, committed 17792K, reserved 1048576K
}
Event: 1023.699 GC heap before
{Heap before GC invocations=47 (full 0):
 garbage-first heap   total 343040K, used 240619K [0x0000000080000000, 0x0000000100000000)
  region size 1024K, 16 young (16384K), 7 survivors (7168K)
 Metaspace       used 129440K, capacity 133181K, committed 133416K, reserved 1165312K
  class space    used 16355K, capacity 17786K, committed 17792K, reserved 1048576K
}
Event: 1023.711 GC heap after
{Heap after GC invocations=48 (full 0):
 garbage-first heap   total 343040K, used 234448K [0x0000000080000000, 0x0000000100000000)
  region size 1024K, 2 young (2048K), 2 survivors (2048K)
 Metaspace       used 129440K, capacity 133181K, committed 133416K, reserved 1165312K
  class space    used 16355K, capacity 17786K, committed 17792K, reserved 1048576K
}
Event: 1023.781 GC heap before
{Heap before GC invocations=48 (full 0):
 garbage-first heap   total 343040K, used 267216K [0x0000000080000000, 0x0000000100000000)
  region size 1024K, 35 young (35840K), 2 survivors (2048K)
 Metaspace       used 129482K, capacity 133247K, committed 133416K, reserved 1165312K
  class space    used 16355K, capacity 17786K, committed 17792K, reserved 1048576K
}
Event: 1023.793 GC heap after
{Heap after GC invocations=49 (full 0):
 garbage-first heap   total 343040K, used 252127K [0x0000000080000000, 0x0000000100000000)
  region size 1024K, 5 young (5120K), 5 survivors (5120K)
 Metaspace       used 129482K, capacity 133247K, committed 133416K, reserved 1165312K
  class space    used 16355K, capacity 17786K, committed 17792K, reserved 1048576K
}
Event: 1023.842 GC heap before
{Heap before GC invocations=49 (full 0):
 garbage-first heap   total 343040K, used 277727K [0x0000000080000000, 0x0000000100000000)
  region size 1024K, 30 young (30720K), 5 survivors (5120K)
 Metaspace       used 129491K, capacity 133248K, committed 133416K, reserved 1165312K
  class space    used 16355K, capacity 17786K, committed 17792K, reserved 1048576K
}

